



***Server running PORT: 4000 
[0mGET / [36m304 [0m1163.709 ms - -[0m
[0mGET /stylesheets/style.css [36m304 [0m4.125 ms - -[0m
[0mGET /stylesheets/bootstrap.css [36m304 [0m4.437 ms - -[0m
[0mGET /javascripts/jquery-3.4.0.min.js [36m304 [0m4.380 ms - -[0m
[0mGET /javascripts/socket.js [36m304 [0m3.497 ms - -[0m
[0mGET /javascripts/waypoints.min.js [36m304 [0m3.048 ms - -[0m
[0mGET /javascripts/jquery-migrate-3.0.0.js [36m304 [0m3.647 ms - -[0m
[0mGET /javascripts/jquery.counterup.js [36m304 [0m1.155 ms - -[0m
[0mGET /javascripts/bootstrap.js [36m304 [0m0.691 ms - -[0m
[0mGET / [36m304 [0m140.698 ms - -[0m
Online Users:  {}
ZEYVkixqMG6nwkcQAAAA has disconnected
[0mGET /stylesheets/style.css [36m304 [0m2.020 ms - -[0m
[0mGET /stylesheets/bootstrap.css [36m304 [0m1.788 ms - -[0m
[0mGET /javascripts/jquery-3.4.0.min.js [36m304 [0m1.918 ms - -[0m
[0mGET /javascripts/socket.js [36m304 [0m0.582 ms - -[0m
[0mGET /javascripts/jquery-migrate-3.0.0.js [36m304 [0m1.124 ms - -[0m
[0mGET /javascripts/waypoints.min.js [36m304 [0m1.299 ms - -[0m
[0mGET /javascripts/jquery.counterup.js [36m304 [0m1.234 ms - -[0m
[0mGET /javascripts/bootstrap.js [36m304 [0m1.140 ms - -[0m
[0mGET / [36m304 [0m240.921 ms - -[0m
Online Users:  {}
WFILaAxQmJJsOR3PAAAB has disconnected
[0mGET /stylesheets/style.css [36m304 [0m2.392 ms - -[0m
[0mGET /stylesheets/bootstrap.css [36m304 [0m4.577 ms - -[0m
[0mGET /javascripts/jquery-3.4.0.min.js [36m304 [0m2.068 ms - -[0m
[0mGET /javascripts/socket.js [36m304 [0m2.384 ms - -[0m
[0mGET /javascripts/jquery-migrate-3.0.0.js [36m304 [0m2.834 ms - -[0m
[0mGET /javascripts/waypoints.min.js [36m304 [0m2.711 ms - -[0m
[0mGET /javascripts/jquery.counterup.js [36m304 [0m0.979 ms - -[0m
[0mGET /javascripts/bootstrap.js [36m304 [0m0.853 ms - -[0m
[0mGET / [36m304 [0m187.994 ms - -[0m
Online Users:  {}
UpnZGvwocPN3bpspAAAC has disconnected
[0mGET /stylesheets/style.css [36m304 [0m1.867 ms - -[0m
[0mGET /stylesheets/bootstrap.css [36m304 [0m1.506 ms - -[0m
[0mGET /javascripts/jquery-3.4.0.min.js [36m304 [0m1.589 ms - -[0m
[0mGET /javascripts/socket.js [36m304 [0m7.184 ms - -[0m
[0mGET /javascripts/jquery-migrate-3.0.0.js [36m304 [0m7.114 ms - -[0m
[0mGET /javascripts/waypoints.min.js [36m304 [0m9.959 ms - -[0m
[0mGET /javascripts/jquery.counterup.js [36m304 [0m5.571 ms - -[0m
[0mGET /javascripts/bootstrap.js [36m304 [0m4.829 ms - -[0m
[0mGET / [36m304 [0m154.781 ms - -[0m
Online Users:  {}
7AJRW5RRP8WIZo1PAAAD has disconnected
[0mGET /stylesheets/style.css [36m304 [0m1.019 ms - -[0m
[0mGET /stylesheets/bootstrap.css [36m304 [0m1.961 ms - -[0m
[0mGET /javascripts/jquery-3.4.0.min.js [36m304 [0m2.688 ms - -[0m
[0mGET /javascripts/socket.js [36m304 [0m1.305 ms - -[0m
[0mGET /javascripts/jquery-migrate-3.0.0.js [36m304 [0m1.296 ms - -[0m
[0mGET /javascripts/waypoints.min.js [36m304 [0m2.692 ms - -[0m
[0mGET /javascripts/jquery.counterup.js [36m304 [0m1.892 ms - -[0m
[0mGET /javascripts/bootstrap.js [36m304 [0m1.852 ms - -[0m
[0mGET / [36m304 [0m104.972 ms - -[0m
Online Users:  {}
2ka27JgNHhdLQ89qAAAE has disconnected
[0mGET /stylesheets/style.css [36m304 [0m4.895 ms - -[0m
[0mGET /stylesheets/bootstrap.css [36m304 [0m5.012 ms - -[0m
[0mGET /javascripts/jquery-3.4.0.min.js [36m304 [0m12.711 ms - -[0m
[0mGET /javascripts/socket.js [36m304 [0m6.018 ms - -[0m
[0mGET /javascripts/jquery-migrate-3.0.0.js [36m304 [0m2.456 ms - -[0m
[0mGET /javascripts/waypoints.min.js [36m304 [0m4.388 ms - -[0m
[0mGET /javascripts/jquery.counterup.js [36m304 [0m5.330 ms - -[0m
[0mGET /javascripts/bootstrap.js [36m304 [0m3.698 ms - -[0m
[0mGET / [32m200 [0m111.613 ms - 2573[0m
Online Users:  {}
QfAT2ln3p4kPzWFoAAAF has disconnected
[0mGET /stylesheets/style.css [36m304 [0m1.297 ms - -[0m
[0mGET /stylesheets/bootstrap.css [36m304 [0m2.245 ms - -[0m
[0mGET /javascripts/jquery-3.4.0.min.js [36m304 [0m2.338 ms - -[0m
[0mGET /javascripts/socket.js [36m304 [0m6.265 ms - -[0m
[0mGET /javascripts/jquery-migrate-3.0.0.js [36m304 [0m5.564 ms - -[0m
[0mGET /javascripts/waypoints.min.js [36m304 [0m10.377 ms - -[0m
[0mGET /javascripts/jquery.counterup.js [36m304 [0m6.348 ms - -[0m
[0mGET /javascripts/bootstrap.js [36m304 [0m6.230 ms - -[0m
[0mGET /login [32m200 [0m103.180 ms - 2109[0m
Online Users:  {}
3z7IvdXsoMimXoxkAAAG has disconnected
[0mGET /stylesheets/style.css [36m304 [0m4.248 ms - -[0m
[0mGET /stylesheets/bootstrap.css [36m304 [0m4.356 ms - -[0m
[0mGET /javascripts/jquery-3.4.0.min.js [36m304 [0m6.858 ms - -[0m
[0mGET /javascripts/bootstrap.js [36m304 [0m2.854 ms - -[0m
[0mGET / [36m304 [0m114.091 ms - -[0m
[0mGET /stylesheets/style.css [36m304 [0m2.485 ms - -[0m
[0mGET /stylesheets/bootstrap.css [36m304 [0m4.287 ms - -[0m
[0mGET /javascripts/jquery-3.4.0.min.js [36m304 [0m3.883 ms - -[0m
[0mGET /javascripts/socket.js [36m304 [0m4.551 ms - -[0m
[0mGET /javascripts/jquery-migrate-3.0.0.js [36m304 [0m3.425 ms - -[0m
[0mGET /javascripts/waypoints.min.js [36m304 [0m3.296 ms - -[0m
[0mGET /javascripts/jquery.counterup.js [36m304 [0m3.316 ms - -[0m
[0mGET /javascripts/bootstrap.js [36m304 [0m3.295 ms - -[0m
[0mGET /login [36m304 [0m108.368 ms - -[0m
Online Users:  {}
2FQsnrFoQ1Glm5zsAAAH has disconnected
[0mGET /stylesheets/style.css [36m304 [0m3.332 ms - -[0m
[0mGET /stylesheets/bootstrap.css [36m304 [0m5.488 ms - -[0m
[0mGET /javascripts/jquery-3.4.0.min.js [36m304 [0m5.123 ms - -[0m
[0mGET /javascripts/bootstrap.js [36m304 [0m5.338 ms - -[0m
[0mPOST /login [36m302 [0m223.054 ms - 54[0m
[0mGET /chat [32m200 [0m231.098 ms - 3044[0m
[0mGET /stylesheets/style.css [36m304 [0m2.137 ms - -[0m
[0mGET /stylesheets/bootstrap.css [36m304 [0m2.622 ms - -[0m
[0mGET /javascripts/jquery-3.4.0.min.js [36m304 [0m3.089 ms - -[0m
[0mGET /images/profile.png [36m304 [0m0.654 ms - -[0m
[0mGET /javascripts/chat.js [36m304 [0m0.469 ms - -[0m
[0mGET /javascripts/bootstrap.js [36m304 [0m4.040 ms - -[0m
[0mGET /javascripts/socket.js [36m304 [0m1.503 ms - -[0m


Total Users:  1 
Users: { '1': 'Y9MDfXJA4bUqyvT5AAAI' }
[0mGET /single-view?receiver=19 [32m200 [0m308.095 ms - 52809[0m
[0mGET /stylesheets/style.css [36m304 [0m2.026 ms - -[0m
[0mGET /stylesheets/bootstrap.css [36m304 [0m1.510 ms - -[0m
[0mGET /javascripts/bootstrap.js.map [33m404 [0m101.114 ms - 2592[0m
[0mGET /stylesheets/bootstrap.css.map [33m404 [0m86.805 ms - 2592[0m
[0mGET / [32m200 [0m89.079 ms - 2573[0m
[0mGET /stylesheets/style.css [36m304 [0m1.219 ms - -[0m
[0mGET /javascripts/jquery-3.4.0.min.js [36m304 [0m1.205 ms - -[0m
[0mGET /stylesheets/bootstrap.css [36m304 [0m1.362 ms - -[0m
[0mGET /javascripts/socket.js [36m304 [0m1.668 ms - -[0m
[0mGET /javascripts/jquery-migrate-3.0.0.js [36m304 [0m1.532 ms - -[0m
[0mGET /javascripts/jquery.counterup.js [36m304 [0m1.560 ms - -[0m
[0mGET /javascripts/waypoints.min.js [36m304 [0m1.596 ms - -[0m
[0mGET /javascripts/bootstrap.js [36m304 [0m0.792 ms - -[0m


Total Users:  1 
Users: { '1': '2o08wZaYsnQFcKTRAAAJ' }
[0mGET / [36m304 [0m81.824 ms - -[0m
Online Users:  {}
2o08wZaYsnQFcKTRAAAJ has disconnected
[0mGET /stylesheets/style.css [36m304 [0m1.125 ms - -[0m
[0mGET /stylesheets/bootstrap.css [36m304 [0m0.778 ms - -[0m
[0mGET /javascripts/jquery-3.4.0.min.js [36m304 [0m2.048 ms - -[0m
[0mGET /javascripts/socket.js [36m304 [0m1.499 ms - -[0m
[0mGET /javascripts/jquery-migrate-3.0.0.js [36m304 [0m1.561 ms - -[0m
[0mGET /javascripts/waypoints.min.js [36m304 [0m1.277 ms - -[0m
[0mGET /javascripts/jquery.counterup.js [36m304 [0m1.057 ms - -[0m
[0mGET /javascripts/bootstrap.js [36m304 [0m0.922 ms - -[0m


Total Users:  1 
Users: { '1': 'FF61kBvphBEFGWPtAAAK' }
[0mGET / [36m304 [0m76.298 ms - -[0m
Online Users:  {}
FF61kBvphBEFGWPtAAAK has disconnected
[0mGET /stylesheets/style.css [36m304 [0m1.567 ms - -[0m
[0mGET /stylesheets/bootstrap.css [36m304 [0m1.622 ms - -[0m
[0mGET /javascripts/jquery-3.4.0.min.js [36m304 [0m4.463 ms - -[0m
[0mGET /javascripts/socket.js [36m304 [0m2.395 ms - -[0m
[0mGET /javascripts/jquery-migrate-3.0.0.js [36m304 [0m2.599 ms - -[0m
[0mGET /javascripts/waypoints.min.js [36m304 [0m0.961 ms - -[0m
[0mGET /javascripts/jquery.counterup.js [36m304 [0m0.887 ms - -[0m
[0mGET /javascripts/bootstrap.js [36m304 [0m1.093 ms - -[0m


Total Users:  1 
Users: { '1': '0eFj1AajiGT0d7-jAAAL' }
[0mGET / [36m304 [0m86.701 ms - -[0m
Online Users:  {}
0eFj1AajiGT0d7-jAAAL has disconnected
[0mGET /stylesheets/style.css [36m304 [0m4.778 ms - -[0m
[0mGET /stylesheets/bootstrap.css [36m304 [0m4.796 ms - -[0m
[0mGET /javascripts/jquery-3.4.0.min.js [36m304 [0m4.703 ms - -[0m
[0mGET /javascripts/socket.js [36m304 [0m3.798 ms - -[0m
[0mGET /javascripts/jquery-migrate-3.0.0.js [36m304 [0m3.809 ms - -[0m
[0mGET /javascripts/waypoints.min.js [36m304 [0m1.566 ms - -[0m
[0mGET /javascripts/jquery.counterup.js [36m304 [0m1.716 ms - -[0m
[0mGET /javascripts/bootstrap.js [36m304 [0m1.148 ms - -[0m


Total Users:  1 
Users: { '1': 'OkeWPBA6ccU5tZoJAAAM' }
[0mGET / [36m304 [0m82.416 ms - -[0m
Online Users:  {}
OkeWPBA6ccU5tZoJAAAM has disconnected
[0mGET /stylesheets/style.css [36m304 [0m0.977 ms - -[0m
[0mGET /stylesheets/bootstrap.css [36m304 [0m1.058 ms - -[0m
[0mGET /javascripts/jquery-3.4.0.min.js [36m304 [0m2.864 ms - -[0m
[0mGET /javascripts/socket.js [36m304 [0m2.297 ms - -[0m
[0mGET /javascripts/jquery-migrate-3.0.0.js [36m304 [0m2.505 ms - -[0m
[0mGET /javascripts/waypoints.min.js [36m304 [0m0.973 ms - -[0m
[0mGET /javascripts/jquery.counterup.js [36m304 [0m0.849 ms - -[0m
[0mGET /javascripts/bootstrap.js [36m304 [0m1.443 ms - -[0m


Total Users:  1 
Users: { '1': 'ZYU6WCyFqZ8SoDr1AAAN' }
[0mGET / [36m304 [0m100.692 ms - -[0m
Online Users:  {}
ZYU6WCyFqZ8SoDr1AAAN has disconnected
[0mGET /stylesheets/style.css [36m304 [0m5.447 ms - -[0m
[0mGET /stylesheets/bootstrap.css [36m304 [0m7.890 ms - -[0m
[0mGET /javascripts/jquery-3.4.0.min.js [36m304 [0m4.625 ms - -[0m
[0mGET /javascripts/socket.js [36m304 [0m4.231 ms - -[0m
[0mGET /javascripts/jquery-migrate-3.0.0.js [36m304 [0m2.544 ms - -[0m
[0mGET /javascripts/waypoints.min.js [36m304 [0m1.887 ms - -[0m
[0mGET /javascripts/jquery.counterup.js [36m304 [0m1.062 ms - -[0m
[0mGET /javascripts/bootstrap.js [36m304 [0m1.133 ms - -[0m


Total Users:  1 
Users: { '1': 'vNilprmu1z-JXhfSAAAO' }
[0mGET /chat [36m302 [0m2.128 ms - 56[0m
[0mGET /login [32m200 [0m38.546 ms - 2109[0m
[0mGET /stylesheets/style.css [32m200 [0m6.564 ms - 3679[0m
[0mGET /javascripts/jquery-3.4.0.min.js [32m200 [0m7.451 ms - 88151[0m
[0mGET /stylesheets/bootstrap.css [32m200 [0m6.146 ms - 192348[0m
[0mGET /javascripts/bootstrap.js [32m200 [0m9.990 ms - 131637[0m
[0mGET /login [36m304 [0m75.292 ms - -[0m
[0mGET /stylesheets/style.css [36m304 [0m1.983 ms - -[0m
[0mGET /stylesheets/bootstrap.css [36m304 [0m3.188 ms - -[0m
[0mGET /javascripts/jquery-3.4.0.min.js [36m304 [0m3.785 ms - -[0m
[0mGET /javascripts/bootstrap.js [36m304 [0m2.369 ms - -[0m
[0mGET /login [36m304 [0m60.298 ms - -[0m
[0mGET /stylesheets/style.css [36m304 [0m4.471 ms - -[0m
[0mGET /stylesheets/bootstrap.css [36m304 [0m3.516 ms - -[0m
[0mGET /javascripts/jquery-3.4.0.min.js [36m304 [0m5.197 ms - -[0m
[0mGET /javascripts/bootstrap.js [36m304 [0m2.715 ms - -[0m
[0mGET /login [36m304 [0m61.548 ms - -[0m
[0mGET /stylesheets/style.css [36m304 [0m4.184 ms - -[0m
[0mGET /stylesheets/bootstrap.css [36m304 [0m3.237 ms - -[0m
[0mGET /javascripts/jquery-3.4.0.min.js [36m304 [0m3.589 ms - -[0m
[0mGET /javascripts/bootstrap.js [36m304 [0m3.978 ms - -[0m
[0mGET /login [36m304 [0m62.817 ms - -[0m
[0mGET /stylesheets/style.css [36m304 [0m3.034 ms - -[0m
[0mGET /stylesheets/bootstrap.css [36m304 [0m3.135 ms - -[0m
[0mGET /javascripts/jquery-3.4.0.min.js [36m304 [0m3.435 ms - -[0m
[0mGET /javascripts/bootstrap.js [36m304 [0m3.512 ms - -[0m
[0mGET /login [36m304 [0m51.172 ms - -[0m
[0mGET /stylesheets/style.css [36m304 [0m1.066 ms - -[0m
[0mGET /stylesheets/bootstrap.css [36m304 [0m5.555 ms - -[0m
[0mGET /javascripts/jquery-3.4.0.min.js [36m304 [0m5.666 ms - -[0m
[0mGET /javascripts/bootstrap.js [36m304 [0m3.228 ms - -[0m
[0mGET / [36m304 [0m47.240 ms - -[0m
Online Users:  {}
vNilprmu1z-JXhfSAAAO has disconnected
[0mGET /stylesheets/style.css [36m304 [0m3.002 ms - -[0m
[0mGET /stylesheets/bootstrap.css [36m304 [0m3.131 ms - -[0m
[0mGET /javascripts/jquery-3.4.0.min.js [36m304 [0m3.581 ms - -[0m
[0mGET /javascripts/socket.js [36m304 [0m2.243 ms - -[0m
[0mGET /javascripts/jquery-migrate-3.0.0.js [36m304 [0m2.457 ms - -[0m
[0mGET /javascripts/waypoints.min.js [36m304 [0m2.942 ms - -[0m
[0mGET /javascripts/jquery.counterup.js [36m304 [0m2.893 ms - -[0m
[0mGET /javascripts/bootstrap.js [36m304 [0m2.952 ms - -[0m


Total Users:  1 
Users: { '1': 'pN8C32WjmQdi1beUAAAP' }
[0mGET / [36m304 [0m67.911 ms - -[0m
Online Users:  {}
pN8C32WjmQdi1beUAAAP has disconnected
[0mGET /stylesheets/style.css [36m304 [0m5.159 ms - -[0m
[0mGET /stylesheets/bootstrap.css [36m304 [0m4.837 ms - -[0m
[0mGET /javascripts/jquery-3.4.0.min.js [36m304 [0m4.749 ms - -[0m
[0mGET /javascripts/socket.js [36m304 [0m3.813 ms - -[0m
[0mGET /javascripts/jquery-migrate-3.0.0.js [36m304 [0m3.824 ms - -[0m
[0mGET /javascripts/waypoints.min.js [36m304 [0m1.537 ms - -[0m
[0mGET /javascripts/jquery.counterup.js [36m304 [0m1.822 ms - -[0m
[0mGET /javascripts/bootstrap.js [36m304 [0m1.144 ms - -[0m


Total Users:  1 
Users: { '1': 'Bcy5n9atOzWpmA_VAAAQ' }
[0mGET / [36m304 [0m58.025 ms - -[0m
Online Users:  {}
Bcy5n9atOzWpmA_VAAAQ has disconnected
[0mGET /stylesheets/style.css [36m304 [0m2.626 ms - -[0m
[0mGET /stylesheets/bootstrap.css [36m304 [0m1.450 ms - -[0m
[0mGET /javascripts/jquery-3.4.0.min.js [36m304 [0m1.802 ms - -[0m
[0mGET /javascripts/socket.js [36m304 [0m1.851 ms - -[0m
[0mGET /javascripts/jquery-migrate-3.0.0.js [36m304 [0m1.877 ms - -[0m
[0mGET /javascripts/waypoints.min.js [36m304 [0m1.977 ms - -[0m
[0mGET /javascripts/jquery.counterup.js [36m304 [0m0.956 ms - -[0m
[0mGET /javascripts/bootstrap.js [36m304 [0m1.012 ms - -[0m


Total Users:  1 
Users: { '1': 'vb68j9uYyKjnuxQMAAAR' }
[0mGET / [36m304 [0m59.586 ms - -[0m
Online Users:  {}
vb68j9uYyKjnuxQMAAAR has disconnected
[0mGET /stylesheets/style.css [36m304 [0m2.241 ms - -[0m
[0mGET /stylesheets/bootstrap.css [36m304 [0m2.297 ms - -[0m
[0mGET /javascripts/jquery-3.4.0.min.js [36m304 [0m2.864 ms - -[0m
[0mGET /javascripts/socket.js [36m304 [0m2.779 ms - -[0m
[0mGET /javascripts/jquery-migrate-3.0.0.js [36m304 [0m2.927 ms - -[0m
[0mGET /javascripts/waypoints.min.js [36m304 [0m1.658 ms - -[0m
[0mGET /javascripts/jquery.counterup.js [36m304 [0m1.770 ms - -[0m
[0mGET /javascripts/bootstrap.js [36m304 [0m1.601 ms - -[0m


Total Users:  1 
Users: { '1': 'wwXSFGptskJxD9SmAAAS' }
[0mGET / [36m304 [0m53.245 ms - -[0m
Online Users:  {}
wwXSFGptskJxD9SmAAAS has disconnected
[0mGET /stylesheets/style.css [36m304 [0m1.070 ms - -[0m
[0mGET /stylesheets/bootstrap.css [36m304 [0m0.976 ms - -[0m
[0mGET /javascripts/jquery-3.4.0.min.js [36m304 [0m1.389 ms - -[0m
[0mGET /javascripts/socket.js [36m304 [0m0.864 ms - -[0m
[0mGET /javascripts/jquery-migrate-3.0.0.js [36m304 [0m1.485 ms - -[0m
[0mGET /javascripts/waypoints.min.js [36m304 [0m2.072 ms - -[0m
[0mGET /javascripts/jquery.counterup.js [36m304 [0m1.295 ms - -[0m
[0mGET /javascripts/bootstrap.js [36m304 [0m1.129 ms - -[0m


Total Users:  1 
Users: { '1': '2-ZBdfxBcObfntvPAAAT' }
[0mGET / [36m304 [0m53.751 ms - -[0m
Online Users:  {}
2-ZBdfxBcObfntvPAAAT has disconnected
[0mGET /stylesheets/style.css [36m304 [0m2.316 ms - -[0m
[0mGET /stylesheets/bootstrap.css [36m304 [0m2.448 ms - -[0m
[0mGET /javascripts/jquery-3.4.0.min.js [36m304 [0m2.600 ms - -[0m
[0mGET /javascripts/socket.js [36m304 [0m2.585 ms - -[0m
[0mGET /javascripts/jquery-migrate-3.0.0.js [36m304 [0m2.630 ms - -[0m
[0mGET /javascripts/waypoints.min.js [36m304 [0m1.094 ms - -[0m
[0mGET /javascripts/jquery.counterup.js [36m304 [0m1.230 ms - -[0m
[0mGET /javascripts/bootstrap.js [36m304 [0m1.116 ms - -[0m


Total Users:  1 
Users: { '1': 'hisMcNfmcQS2xHM2AAAU' }
[0mGET /chat [36m304 [0m88.731 ms - -[0m
Online Users:  { '1': 'hisMcNfmcQS2xHM2AAAU' }
Y9MDfXJA4bUqyvT5AAAI has disconnected
[0mGET /stylesheets/style.css [36m304 [0m1.819 ms - -[0m
[0mGET /stylesheets/bootstrap.css [36m304 [0m5.103 ms - -[0m
[0mGET /javascripts/jquery-3.4.0.min.js [36m304 [0m5.174 ms - -[0m
[0mGET /images/profile.png [36m304 [0m4.385 ms - -[0m
[0mGET /javascripts/chat.js [36m304 [0m1.697 ms - -[0m
[0mGET /javascripts/bootstrap.js [36m304 [0m2.508 ms - -[0m
[0mGET /javascripts/socket.js [36m304 [0m2.216 ms - -[0m
[0mGET /single-view?receiver=19 [36m304 [0m85.406 ms - -[0m


Total Users:  1 
Users: { '1': 'naX5H1aolrxDN5h7AAAV' }
[0mGET / [36m304 [0m77.982 ms - -[0m
Online Users:  { '1': 'naX5H1aolrxDN5h7AAAV' }
hisMcNfmcQS2xHM2AAAU has disconnected
[0mGET /stylesheets/style.css [36m304 [0m1.742 ms - -[0m
[0mGET /stylesheets/bootstrap.css [36m304 [0m4.320 ms - -[0m
[0mGET /javascripts/jquery-3.4.0.min.js [36m304 [0m3.498 ms - -[0m
[0mGET /javascripts/socket.js [36m304 [0m2.538 ms - -[0m
[0mGET /javascripts/jquery-migrate-3.0.0.js [36m304 [0m2.584 ms - -[0m
[0mGET /javascripts/waypoints.min.js [36m304 [0m0.804 ms - -[0m
[0mGET /javascripts/jquery.counterup.js [36m304 [0m1.052 ms - -[0m
[0mGET /javascripts/bootstrap.js [36m304 [0m1.052 ms - -[0m


Total Users:  1 
Users: { '1': 'aG1QaKMbkKy38XDtAAAW' }
[0mGET / [36m304 [0m51.453 ms - -[0m
Online Users:  {}
aG1QaKMbkKy38XDtAAAW has disconnected
[0mGET /stylesheets/style.css [36m304 [0m1.463 ms - -[0m
[0mGET /stylesheets/bootstrap.css [36m304 [0m3.701 ms - -[0m
[0mGET /javascripts/jquery-3.4.0.min.js [36m304 [0m3.562 ms - -[0m
[0mGET /javascripts/socket.js [36m304 [0m2.879 ms - -[0m
[0mGET /javascripts/jquery-migrate-3.0.0.js [36m304 [0m3.989 ms - -[0m
[0mGET /javascripts/waypoints.min.js [36m304 [0m2.935 ms - -[0m
[0mGET /javascripts/jquery.counterup.js [36m304 [0m1.109 ms - -[0m
[0mGET /javascripts/bootstrap.js [36m304 [0m1.172 ms - -[0m


Total Users:  1 
Users: { '1': 'Ue0ylKD9FoKtnR6yAAAX' }
[0mGET /login [32m200 [0m41.636 ms - 2109[0m
Online Users:  {}
Ue0ylKD9FoKtnR6yAAAX has disconnected
[0mGET /stylesheets/style.css [36m304 [0m2.018 ms - -[0m
[0mGET /stylesheets/bootstrap.css [36m304 [0m2.058 ms - -[0m
[0mGET /javascripts/jquery-3.4.0.min.js [36m304 [0m2.797 ms - -[0m
[0mGET /javascripts/bootstrap.js [36m304 [0m1.205 ms - -[0m
